<?xml version="1.0" encoding="UTF-8"?>
<!-- Generated by org.testng.reporters.JUnitReportReporter -->
<testsuite hostname="CTLT095" failures="0" tests="2" name="com.liidaveqa.lennoxpros.testcases.TestLead" time="106.728" errors="0" timestamp="2021-04-30T16:58:31 IST" skipped="0">
  <testcase classname="com.liidaveqa.lennoxpros.testcases.TestLead" name="createLead" time="62.391"/>
  <system-out/>
  <testcase classname="com.liidaveqa.lennoxpros.testcases.TestLead" name="createLead" time="44.337"/>
  <system-out/>
</testsuite> <!-- com.liidaveqa.lennoxpros.testcases.TestLead -->
