<?xml version="1.0" encoding="UTF-8"?>
<!-- Generated by org.testng.reporters.JUnitReportReporter -->
<testsuite hostname="CTLT095" failures="0" tests="2" name="com.liidaveqa.lennoxpros.testcases.TestLead" time="89.431" errors="0" timestamp="2021-04-29T17:18:45 IST" skipped="0">
  <testcase classname="com.liidaveqa.lennoxpros.testcases.TestLead" name="createLead" time="51.632"/>
  <system-out/>
  <testcase classname="com.liidaveqa.lennoxpros.testcases.TestLead" name="createLead" time="37.799"/>
  <system-out/>
</testsuite> <!-- com.liidaveqa.lennoxpros.testcases.TestLead -->
