<?xml version="1.0" encoding="UTF-8"?>
<!-- Generated by org.testng.reporters.JUnitReportReporter -->
<testsuite hostname="CTLT095" failures="0" tests="1" name="com.liidaveqa.lennoxpros.testcases.CreateLead" time="80.654" errors="0" timestamp="2021-04-29T12:15:16 IST" skipped="0">
  <testcase classname="com.liidaveqa.lennoxpros.testcases.CreateLead" name="createLead" time="80.654"/>
  <system-out/>
</testsuite> <!-- com.liidaveqa.lennoxpros.testcases.CreateLead -->
