<?xml version="1.0" encoding="UTF-8"?>
<!-- Generated by org.testng.reporters.JUnitReportReporter -->
<testsuite hostname="CTLT095" failures="0" tests="1" name="com.liidaveqa.lennoxpros.testcases.TestLead" time="49.028" errors="0" timestamp="2021-04-29T17:03:17 IST" skipped="0">
  <testcase classname="com.liidaveqa.lennoxpros.testcases.TestLead" name="createLead" time="49.028"/>
  <system-out/>
</testsuite> <!-- com.liidaveqa.lennoxpros.testcases.TestLead -->
